2021-09-28 18:49:28,995 - pyswarms.single.global_best - INFO - Optimize for 1000 iters with {'c1': 0.5, 'c2': 0.3, 'w': 0.9}
2021-09-28 18:49:45,067 - pyswarms.single.global_best - INFO - Optimization finished | best cost: 0.012644552777489387, best pos: [ 1.00026712e+00  1.18743911e+00  5.47884081e-01  1.18393074e+00
  2.23859041e+00  1.32183459e+00 -2.63821401e-01 -1.82403399e-01
  2.17213666e+00 -3.96726150e-01  9.20479140e-01  7.12971268e-01
  1.76980695e-01  1.05202292e+00  2.74441435e+00 -9.88526344e-02
 -4.50907528e-01  1.19887173e+00 -8.12152086e-01  2.23255182e-01
 -4.79939169e-02  4.86078719e-01  2.45337233e+00  4.86483330e-01
 -3.97318799e-01 -6.73398896e+00  1.73662316e+00  1.34534222e+00
  8.41042112e-02 -1.76957331e-01  1.38307551e+00  1.02360445e+00
  4.75673700e-01 -1.01299369e+00 -1.10957609e+01  1.32172866e-02
  2.61466049e+00 -2.43148498e+00  1.99033624e+00  7.54802481e-02
 -2.51314744e+00  1.14495424e+00  2.01159314e+00  1.87758508e+00
  1.76857153e+00  8.22079580e-01  2.83126673e+00  1.81810105e+00
  1.22219100e+00  1.28797042e+00  4.40049595e+00  1.63942419e+00
  8.46198182e+00  3.50639359e-01  3.62501042e+00  5.29960979e-01
  6.48665923e-01 -2.03079694e-01  3.14359914e+00  5.32074422e-01
  3.27281125e+00 -2.54401428e-01  7.72774577e-01 -8.48727840e-01
 -1.14235608e+00  4.52942768e+00 -1.02869781e+01 -1.76593257e-01
 -1.32366340e+00  1.14046626e-01  5.21265286e-01 -1.26762221e+00
  5.04883770e-01 -7.69856952e-01 -6.06233664e-01  1.84339931e+00
  1.29105868e+00  4.63776366e-01  3.12136769e+00 -4.92727067e-01
  1.27429631e+00  8.57683933e-01  2.70873775e-01  3.82764590e-02
  1.60099039e+01  9.46930138e-01  1.86534409e-01  2.53742086e+00
  1.78874917e+01 -1.03723996e+00  7.54538776e-01  7.34023093e-01
  1.70923753e+00  9.45485931e-01  4.42656833e-01  5.48009505e-01
  9.87093401e-01  2.35879152e+00  1.66590444e+00  5.42341332e-01
  4.82557391e-01  8.39151219e+00 -6.39388233e+00  8.37795635e-01
 -3.98450037e-01 -8.80418684e-01  1.23650903e+00  1.22283308e+00
 -3.46828977e+00  1.30478032e+00  5.32351696e-01  8.65662947e-01
  4.19682588e-02 -7.84283706e-01  1.17884618e+00 -1.31227724e+00
  4.92322311e-01  4.80149530e+00 -9.94907173e-02  1.25559405e+01
 -2.97505207e-01  1.50372308e+00  4.00335070e-02  4.82073671e-01
  2.20227387e+00  1.25228583e+00  1.76982914e-01 -2.77442262e+01
  2.55993611e+00  3.09524593e+00  1.13388444e+00  2.57225684e+00
  1.07860607e+00  9.53335675e-01  3.39571737e-02  6.08573800e-01
  2.14165295e+00  9.74023788e-01  1.30003651e+00  8.03690205e-01
  1.27786459e+00  1.27541143e+00  1.72733421e-01  8.27650423e-01
  4.09857945e-01  3.66776020e-01  1.09480998e+00  3.72880533e-01
  2.07697664e+00  7.94789773e-02  1.14425718e+01 -3.22648269e-01
  1.31406273e+00  1.10554134e+00  1.02962572e+00  2.35585535e+00
 -8.15502122e-02 -1.10239645e-01  2.43272827e+00 -7.16545976e-01
 -1.57821529e+00  2.44032102e-01  2.25529861e-01 -2.02023811e+00
  4.32306741e-01  2.28308625e-01 -3.24072793e-01 -4.65538214e-01
  2.38152007e+00  4.41739466e-01 -2.47152420e+00  7.75304977e-01
  6.37400972e-01 -6.89061461e-01  4.59745502e-01 -7.29467688e-02
  8.46043163e-02  2.48598068e+00  7.36542372e-03  6.99341010e-01
  6.55812695e-01  1.22409635e+00  2.13483156e+00  4.04786004e-01
 -3.83351016e-01  1.85443183e+00  1.14141463e+00  5.60728251e-01
  9.94362864e-01 -6.87236867e-01  1.58129923e+00 -6.62438300e-01
 -2.88688892e-01  5.59300582e-01 -4.71560472e-01 -1.49366601e+00
 -6.33113166e-01  6.31960264e-02 -3.38089541e-01  1.65180744e+00
  3.22249942e+00  1.15076566e+00  2.53914103e+00  1.30236447e+00
  2.35436095e+00  2.01131091e+00  8.50570989e-01  2.49385630e-01
 -1.73034722e+00 -7.49482500e-01 -1.29033724e+00  1.34063925e+00
  7.74617822e-01  1.43750831e+00  8.45348222e-01  2.19199319e+00
  2.48461410e-01 -6.26749592e-01  5.93779408e-01 -3.98909579e-03
 -4.17084340e+00  1.01041238e+00 -8.03256578e-01  7.55598064e-01
 -1.35674340e+00 -5.99406640e+00  5.10373332e-01 -2.25892409e-01
  3.36293789e-01  8.25286340e-01  1.86968195e+00  1.70933401e+00
  8.57793580e-01 -6.59546335e-03  2.15815443e-01 -3.78856663e-01
 -1.01967570e+00 -5.49710420e-01 -1.47120156e-01  4.39742533e-01
  1.37658811e+00 -2.75027127e+00 -5.06987641e+00  1.32689573e-01
  1.55224886e+00 -1.83559367e+00  4.24643291e-02 -6.86153593e-01
 -1.70570067e+00  7.05354579e+00  9.98378244e-01 -7.18780915e-01
  5.11752572e-01  1.21661770e+00  9.38895616e-01  7.06677827e-01
  5.10930162e-01 -1.35041617e+00 -5.18504077e-01  2.13418495e+00
  1.46880920e+00 -2.33911379e+00  1.57770700e-01  3.88615864e-01
 -1.98183800e-01  3.57362593e+00  1.41201653e+00  3.18041930e-01
  9.47533287e-01 -8.78310622e-01 -2.89744689e-01 -1.93648175e+00
  1.73483445e+00 -5.15934567e-01  1.14690666e+00  2.08613294e+00
  5.56776130e-01  7.32423798e-02  5.22419989e-01  3.15850431e+00
  2.03908843e+00  1.65653040e-01  2.26734619e+00  1.37012118e+00
 -1.34151934e+00 -2.07659067e-01 -4.56937078e+00  6.29340554e-01
 -2.19353588e+00  1.01730602e+00  9.79222780e-01  1.15748120e+00
 -1.78701590e+00  1.70438485e+00  1.23989784e+00  1.27107887e+00
  1.20268528e+00 -6.57246859e-01 -9.42362085e-01  8.77669745e-01
  2.07267008e+00 -3.44617125e+00  1.69909828e+00  1.65916341e+00
  3.19416657e-01  1.10170825e+00  1.75426830e+00  1.45181112e+00
  2.93154317e-01  3.70855540e-01  1.61005086e+00  3.80051579e+00
  2.74264557e+00  7.59641401e-01  6.78032695e-01 -1.68059981e-01
  1.01132107e+00 -4.83785560e-01  1.64498302e+00  1.45995235e+00
  5.22994476e-01  1.11996140e+00  3.52637946e-01  2.94587676e-01
  2.40774024e+00 -2.05691580e+00  8.93114747e-01  2.18250982e-01
  2.58667585e+01  1.37812095e+00  1.41591475e+00  4.15986226e-01
  7.31854568e-01  2.41231714e-01  1.37876660e+00 -9.03799301e-02
  1.30791969e+00  4.73269481e-01 -5.86543386e-01  3.01412053e-01
  2.37416881e+00  7.41100900e-01  1.47296968e+00  1.27169805e+00
 -5.07760846e-01  3.44242599e-01  4.90264849e+00  8.45644819e-01
  1.48882013e+00  7.44541529e-01  2.01821428e+00  8.89174433e+00
  4.22769776e-01  1.66614066e+00  1.28438233e+00  2.49066214e+00
  1.02202373e+00  2.32943046e+00  4.34273545e-01  7.23098049e-01
  1.14697998e+00 -5.63425941e-02  1.06968874e+00  2.07922658e+00
 -1.21175159e+00 -3.41678375e-01  9.70972139e-01  1.93178474e+00
  1.24553436e+00 -2.30099801e-01 -1.88261425e-01  1.07823516e+00
 -3.08990817e-01  6.91274233e-01  9.76696901e-01 -2.95909462e-01
  2.65611776e-01  6.01140703e-01  2.07482251e+00 -4.05189946e+00
  1.85336116e+00  1.17893101e+00  1.43914885e+00 -9.31704070e-01
  2.05996142e+00  7.74783910e-01  1.63905214e+00  1.16129660e+00
  1.90592541e+00  6.61076813e-01  5.79471521e-01  1.29714392e+00
  4.36388122e-01 -1.04324743e+00  1.04142919e+00  4.80471755e-01
  6.21076990e-01  6.20782782e+00 -7.20058400e-02  8.66546220e-01
  5.08880747e-01 -4.00484009e-01  1.45787315e+00  1.05478811e+00
  2.57974039e+00 -5.59968065e-01  8.23592881e-01 -4.36415234e+00
  1.59718625e+00  7.30448028e-01 -1.37516621e+00  1.44470702e+00
  7.45419951e-01 -5.34941031e-01  2.98227770e-01  1.42599912e-01
  1.44594005e+00  1.33451481e+00  1.00319459e+00  2.85790086e-01
  2.07103767e-01 -3.87114774e+00  8.92584319e-02  1.28356423e+00
  1.75465857e+00  3.40994377e-01  1.49557362e+00 -4.76111213e-02
  2.09218734e+00  2.12855487e+00  3.16804549e+00 -9.04870786e-02
  9.26514452e-01 -2.86902032e-01  6.63056347e+00  4.43074409e-01
  6.58653812e-01 -7.57283179e-02  1.24029992e+00 -1.67481291e+00
  2.60383357e-01  1.66517643e-01 -1.56450668e-01  4.69990653e-01
  2.01644596e+00  1.37012563e+00  5.26351114e-01  3.87665218e-01
 -9.84036763e-01  1.16226934e+00  4.48028445e-01  3.51240469e+00
  7.58883857e-01  7.57610795e-02 -3.37574161e-01 -4.94998774e-02
  2.07229770e+00  6.65263554e-01 -5.93488962e-01 -1.74428505e+00
  2.07853089e+00  1.58457723e+00 -1.37132797e-01 -6.56223101e-01
  1.63633900e+00  6.26222602e-01  7.20201298e-01 -4.17190234e-01
 -2.33296281e+00  2.41616932e+00  1.15816868e+00  7.45034324e-01
 -8.93233709e-02  1.03114554e+00  1.24577814e-01  9.60698525e-01
  7.99763105e-01  5.57128861e-01  1.16048547e+00 -4.31902437e-01
  3.51795146e-01  1.70461934e-01  2.53473122e-03  3.33718240e-01
  6.49016663e-01  1.21915279e+00 -2.51570602e+00  1.10582871e+00
  4.34937157e+00  1.23385203e+00  3.00629304e-01  4.93189051e-01
  1.06624655e+01  1.89866373e+00  1.11858628e+00  8.75206398e-01
  1.47786208e+00  1.23400605e+00  1.71066753e-01  1.25848490e+00
  8.13860844e-02  8.03090124e-01  9.50990879e-01  1.00358427e+00
  2.90631116e+00 -2.43927092e-01  6.34693421e-01 -8.03565622e-01
  4.65944190e-01 -6.38567200e-01  4.65751709e-01  1.04589789e+00
 -2.39540136e-01  2.16479761e+00  4.52979578e-01 -4.18529046e+00
  4.28494756e-01 -2.12912016e+00  4.29785835e-01  4.29911520e-01]
2021-09-28 18:53:20,071 - pyswarms.single.global_best - INFO - Optimize for 3 iters with {'c1': 0.5, 'c2': 0.3, 'w': 0.9}
2021-09-28 18:53:20,211 - pyswarms.single.global_best - INFO - Optimization finished | best cost: 1.0754758109019003, best pos: [1.18765247 1.05698967 1.23096808 1.14786214 0.90732825 1.72604996
 1.42867181 0.33508971 1.47792893 1.34326246 1.37650222 1.06702246
 0.2904104  1.2724139  1.85905736 0.84359364 0.40133045 1.18977023
 0.58567321 0.56097385 0.60050197 1.23675893 0.60083155 0.60324989
 1.25253813 1.11731761 0.65484999 1.17002978 0.30991578 1.05649674
 0.99625618 1.03166706 1.14933329 1.32733593 1.3303756  1.10280324
 1.00808002 1.52323968 1.09691684 1.06584263 0.39233985 0.6941746
 0.90541971 0.7549811  0.55835118 0.67648026 1.0145746  1.38465901
 0.59814979 0.41523281 0.41696926 1.04053814 0.31876124 0.88422038
 0.85066984 0.1329502  1.430209   1.48041177 1.33125108 0.9269706
 0.82554104 1.05927537 1.47187675 0.95716151 0.38050596 0.67907869
 1.44095132 1.07999626 1.72814905 0.43609705 1.21174651 0.6180205
 0.50867414 0.51447316 1.00655908 0.76688954 0.47017738 0.30882891
 1.49255184 1.08095624 0.77157552 0.37592644 1.07424955 1.19326318
 0.17569345 1.38830171 1.17198201 0.9950131  0.92289156 1.22446576
 0.14303167 0.82603493 1.38551023 0.89690706 0.60176164 1.23092564
 0.98236992 1.31973946 1.13849047 1.52442813 1.27950136 0.60463882
 1.16493664 1.14693412 0.84704455 1.05926834 0.74799252 0.80867428
 1.29828371 0.80861276 0.94963042 1.14253457 0.54337998 1.21489428
 0.32015379 1.38671589 1.03452185 0.52223389 1.09973094 0.23178458
 1.09189606 1.03974949 1.20429476 0.52369447 0.47819748 1.24199377
 1.17805183 1.15679785 1.08181535 0.83808504 0.82396825 0.99832707
 1.13881207 1.46104759 1.16440164 1.07760241 0.34528687 1.38307642
 0.50771375 1.4391287  1.37938529 0.64101461 1.72236142 0.46441952
 1.14452113 1.40098059 1.34309611 1.00614366 0.14808223 1.36694542
 0.86964118 0.39945854 0.65423243 1.23060831 1.46467454 0.7261158
 1.55787406 1.17020379 1.34634252 0.7600826  0.78971147 0.66369899
 1.16385099 0.47533733 0.96835815 0.9991185  0.99050425 1.46560257
 1.1385746  0.60759148 1.36019819 0.980302   0.58698714 1.49514239
 1.24503225 1.32142059 1.55744945 0.85809957 1.16717555 0.84919265
 0.77648676 0.82030497 1.25710817 0.38186901 0.70242958 0.86783723
 0.71449121 1.09647952 1.52040093 1.39761711 0.50585287 1.65357194
 0.5531889  0.83082809 1.68482716 1.04945012 1.74725685 0.76681539
 0.65668208 1.59847458 0.47924012 1.3788016  1.74445912 1.03759751
 0.59083995 1.71492258 1.49113311 0.90919016 0.88096867 1.06013974
 1.18558145 0.39734372 0.80316005 1.34973775 1.04186276 1.04092246
 1.00729466 1.55629574 0.7199666  1.34056582 0.74391808 1.16175391
 0.29253969 0.77652928 0.95699287 1.26081058 0.50732665 1.42468552
 0.80362554 0.67035981 1.63780957 1.06137364 1.37802626 0.81369356
 1.56898855 0.94888874 1.34409938 1.42676712 0.61576617 0.92389524
 1.52266651 0.75292531 1.52971597 0.69739288 1.47206023 1.21158631
 0.92981955 1.38161981 0.76204606 0.57594746 0.91584107 1.3985252
 0.85995737 1.18511629 0.79535172 1.49516425 1.36777905 1.13957166
 1.03102755 0.38103842 0.9151157  0.50673558 1.1551527  0.63837214
 1.53830611 0.69595402 0.16144029 1.58682045 1.15402577 0.71859438
 1.1411173  1.44976365 0.8851422  0.77769224 0.7523605  0.58618768
 1.46407163 1.43015086 0.74303722 0.83676392 0.47080135 0.87409414
 0.70814498 0.93100497 1.05123224 1.63041532 1.42624359 1.19019846
 0.89636932 1.6400172  0.48225864 1.27473965 1.33067495 0.37163203
 1.05558498 0.7579921  0.42047344 0.93366671 0.84065015 0.1452167
 1.32576763 0.45554727 0.78425642 1.25683637 1.04031198 0.89803961
 1.15006441 0.64904523 1.28108462 1.44412678 0.07959527 0.77029563
 0.74359387 1.78578156 0.73282385 1.35361077 0.97367592 0.63683794
 1.5131976  0.68400737 1.51270466 1.527655   0.54864801 1.09099802
 1.37910915 0.90233209 0.57654783 1.68891144 1.02280597 0.64351364
 0.22317787 1.2577014  0.78713142 0.92856598 0.31214413 1.35652799
 1.07901659 0.57286479 1.07035481 1.11488554 1.28317229 1.20317249
 0.61107978 0.95594915 1.10325778 1.00221089 1.16134859 0.3355787
 0.74635041 0.1221641  0.58593153 0.57626297 1.46321114 1.63798415
 0.76845274 0.86745975 0.83430193 0.42323046 0.93168401 1.65174179
 0.79771406 0.53855155 0.48844092 0.83915285 0.8795251  0.58585288
 1.1079215  0.86520019 0.99032345 0.84121325 1.48989883 1.58131566
 0.58977678 0.24920495 1.30181867 0.77354672 0.68371422 0.66186686
 1.13262831 1.15236826 0.83303169 0.8858921  0.14539331 0.76811801
 0.31957966 0.66364596 1.31916313 0.42404058 0.49301988 0.92427381
 1.00654592 0.92006443 0.83825189 0.80649228 0.74974722 0.25099975
 0.3095863  0.5717374  0.76705088 1.12061619 0.84462938 1.34884052
 1.15075238 1.01705111 1.00783793 0.92218961 1.03687502 0.69365094
 0.56423995 0.43568469 0.93576113 1.28460329 1.19839982 1.2805319
 0.76816852 0.16453454 1.05576869 1.21287106 0.97486384 1.0249368
 1.07774568 1.11650452 1.5076897  0.42781089 0.79011087 0.73900184
 1.27963113 1.01733027 0.71521114 0.8499007  1.16922705 1.55608905
 0.94326012 0.55132405 1.57461991 0.39807609 0.66759846 0.26818798
 1.67342989 1.0608219  0.24408541 0.76093854 1.08224456 1.02237406
 0.78416479 1.18170946 1.45273392 0.83936213 0.46982322 0.69689322
 1.00942695 0.99396308 1.07078184 1.2022263  0.34439572 0.73948575
 0.51329952 1.79021028 0.85344819 1.4318604  1.2889963  0.77585528
 0.96235191 1.06532629 1.05271197 1.1566949  0.77566507 0.75914166
 0.52497314 0.90782164 1.52565986 0.91631619 1.27315265 0.61921993
 0.79735719 0.79373328 0.65141753 0.4760552  1.08515616 0.45759958
 0.43786871 1.09911712 1.00577874 0.35549311 1.23371909 0.86449425
 0.84954404 1.49324571 1.48563327 1.14362499 0.65674719 0.69698361
 0.98441726 0.66306088 0.85571271 0.72348824 1.32570078 1.31859083
 0.53451122 0.62506198 1.07618717 0.97468246 0.94904521 0.8397155
 0.93768653 0.49558297 0.52842268 0.87608764 0.8432134  1.27118492
 0.23907934 0.76066675 0.50111432 1.17037063 0.63257795 0.50519199
 0.56722296 0.75849038 0.63180054 0.80764516]
2021-09-28 18:55:28,678 - pyswarms.single.global_best - INFO - Optimize for 3 iters with {'c1': 0.5, 'c2': 0.3, 'w': 0.9}
2021-09-28 18:55:28,753 - pyswarms.single.global_best - INFO - Optimization finished | best cost: 1.0767459998367999, best pos: [0.55909357 0.09204974 0.82679911 0.91889122 0.91983458 0.57963867
 0.73575655 0.47518884 0.26480781 0.40353623 0.55593285 0.77213036
 0.08048551 0.86017101 0.76890404 0.1204418  0.25456893 0.54101969
 0.24105248 0.00805816 0.91427089 0.93133231 0.98972131 0.11557856
 0.05967861 0.57927251 0.51614814 0.64169227 0.07774158 0.85624105
 0.29758202 0.22276675 0.14469477 0.89844222 0.84482412 0.79861186
 0.47021703 0.00299567 0.14368698 0.82004355 0.02791311 0.03950952
 0.02396747 0.48814252 0.24841791 0.89972981 0.21237657 0.3942001
 0.57957468 0.64295072 0.07916258 0.65773745 0.89315699 0.88996189
 0.23097305 0.29375859 0.29017444 0.37456566 0.63162241 0.65574154
 0.621468   0.76586735 0.86621395 0.06047533 0.25285771 0.26384783
 0.40840993 0.76416204 0.54645649 0.23547754 0.7854507  0.98093196
 0.58611214 0.46702602 0.78413455 0.43838128 0.5782603  0.24520024
 0.98539584 0.94047462 0.6589273  0.87508845 0.54335168 0.37697444
 0.63418364 0.97300698 0.40257915 0.72893004 0.29337468 0.996563
 0.19587321 0.18381497 0.94612159 0.41567771 0.57663671 0.22591479
 0.16173134 0.72932142 0.30830374 0.89756206 0.34212518 0.6153938
 0.43282264 0.91291126 0.80007768 0.99936533 0.67476617 0.39388029
 0.73356466 0.3267886  0.52736304 0.54791111 0.70414004 0.40890083
 0.53901661 0.06585192 0.77268953 0.18859699 0.5303484  0.26387356
 0.32792603 0.04604287 0.27511206 0.46619559 0.95356023 0.12742001
 0.012258   0.8030461  0.77900195 0.196553   0.98491392 0.47297994
 0.42807207 0.59278551 0.6397074  0.42568627 0.23539052 0.4934776
 0.91910858 0.6405931  0.83149009 0.28823795 0.45539353 0.42427896
 0.20430665 0.47756847 0.07225202 0.40226017 0.07052815 0.18292322
 0.45650885 0.11623468 0.08030186 0.15304081 0.66428596 0.52704944
 0.21920643 0.03204923 0.74285157 0.68656879 0.44875504 0.60784418
 0.77210242 0.92412104 0.66475183 0.92876647 0.38250094 0.69177969
 0.69234512 0.37924846 0.77008942 0.74976938 0.12886862 0.22765706
 0.73545321 0.28152283 0.39963123 0.49655281 0.71913707 0.40899527
 0.54440243 0.2609503  0.82610332 0.29303112 0.09555843 0.36586843
 0.91133799 0.6982569  0.96989993 0.76147486 0.29166048 0.18177791
 0.66751887 0.89872202 0.37559559 0.27644844 0.18741171 0.13176204
 0.47889014 0.06866278 0.78448925 0.32891988 0.28776056 0.92208865
 0.12996526 0.45047877 0.23093599 0.68124962 0.23929072 0.57156341
 0.454937   0.41446217 0.27471224 0.04981944 0.38427326 0.80801028
 0.16699981 0.48341017 0.73008694 0.05766588 0.41131289 0.16175153
 0.93033649 0.53515699 0.06076392 0.37128863 0.46890957 0.27457522
 0.09197862 0.58862569 0.46444143 0.93595866 0.49305158 0.31226925
 0.38941057 0.81094197 0.66978978 0.29436115 0.56454155 0.74137886
 0.08590617 0.81298852 0.78779227 0.36899048 0.82100018 0.88430856
 0.81287204 0.95914818 0.9726267  0.1568293  0.45990865 0.59992659
 0.29116083 0.61726339 0.55915023 0.92368836 0.05971019 0.89579757
 0.67012788 0.96385508 0.81278447 0.69375798 0.62739227 0.65226209
 0.77497621 0.45683292 0.36540497 0.68672601 0.10833296 0.31542532
 0.97801881 0.78701493 0.50569363 0.53080808 0.39889023 0.59854799
 0.40056097 0.25012641 0.89246628 0.99554141 0.54992714 0.77562383
 0.06188144 0.53842096 0.16391837 0.58036316 0.52801941 0.35864462
 0.32989164 0.85866962 0.07127683 0.31459259 0.33690656 0.83476953
 0.39236158 0.4642379  0.72510153 0.17796616 0.68886418 0.03663219
 0.88941633 0.4080371  0.65734475 0.51666668 0.95678364 0.25171103
 0.8260147  0.46945549 0.56647048 0.15423564 0.97980107 0.99714781
 0.77464871 0.44896006 0.87223074 0.81341507 0.66886617 0.49036605
 0.75121282 0.11084125 0.30717496 0.64629905 0.23162243 0.4948602
 0.24399255 0.45095857 0.08205118 0.72414834 0.75724597 0.45267302
 0.32958338 0.06240545 0.53462912 0.17910274 0.76303305 0.70568354
 0.51951543 0.95468774 0.0647669  0.62520041 0.22805459 0.54982942
 0.17168737 0.33464202 0.02286113 0.45323056 0.12502244 0.19288481
 0.22713026 0.23655065 0.82594804 0.08066526 0.06253596 0.38328906
 0.08592667 0.73039419 0.54859104 0.59905728 0.03111039 0.1697024
 0.35163057 0.52369873 0.86123363 0.73089813 0.73637058 0.68830651
 0.77154556 0.02888664 0.09395622 0.5347469  0.52681032 0.47032895
 0.40071477 0.43032163 0.32197453 0.62147288 0.68632292 0.29838047
 0.50334481 0.22791457 0.9924441  0.96263214 0.46098465 0.40713362
 0.59688424 0.67605489 0.36575424 0.28887477 0.09308275 0.20516013
 0.78490799 0.1434643  0.00125042 0.72102519 0.77830931 0.24178567
 0.65144339 0.14329252 0.57884138 0.30479149 0.1628703  0.86536541
 0.46078538 0.92043302 0.30736038 0.89382529 0.19610335 0.50635134
 0.10793162 0.48742514 0.48572322 0.25561219 0.29259776 0.74410297
 0.43086267 0.18998925 0.28462914 0.22409657 0.07288198 0.14012588
 0.44884189 0.11728013 0.88006072 0.84497096 0.8313133  0.61175551
 0.94231069 0.53271263 0.71775701 0.72359577 0.47188251 0.88599748
 0.31537898 0.90712003 0.54001567 0.26664578 0.43645855 0.51924652
 0.79422996 0.48088914 0.22772687 0.67712436 0.05768656 0.66129248
 0.36312388 0.76069003 0.26609058 0.86701964 0.57819117 0.97487201
 0.9593076  0.5189921  0.04283034 0.01471674 0.75776208 0.05571602
 0.88071347 0.44643034 0.32080167 0.26275688 0.38108794 0.3748739
 0.90973259 0.47961277 0.58670653 0.064714   0.18740439 0.32615633
 0.06535462 0.99661479 0.14333603 0.70251488 0.05663363 0.5662121
 0.85325245 0.49612808 0.47035102 0.74505204 0.60406028 0.42897512
 0.36051708 0.5701723  0.8620393  0.40708688 0.34704976 0.06515214
 0.26414132 0.50382075 0.26198699 0.15766764 0.08475993 0.27857181
 0.46223013 0.49678619 0.42135848 0.80402633 0.69814906 0.70586908
 0.93954317 0.42771755 0.86305521 0.55962887 0.82221688 0.36680637
 0.28642072 0.88779521 0.11596698 0.63088919 0.33146718 0.56215812
 0.14131146 0.70111909 0.62227826 0.52070254 0.30357675 0.88040364
 0.62393654 0.47961893 0.71746524 0.93924208]
2021-09-28 18:57:03,415 - pyswarms.single.global_best - INFO - Optimize for 3 iters with {'c1': 0.5, 'c2': 0.3, 'w': 0.9}
